<?xml version="1.0" encoding="UTF-8"?>
<testng-results skipped="0" failed="0" ignored="4" total="6" passed="2">
  <reporter-output>
  </reporter-output>
  <suite name="com.neosoft.testingPractise.tests.Tests" duration-ms="149" started-at="2019-09-06T10:49:31Z" finished-at="2019-09-06T10:49:31Z">
    <groups>
    </groups>
    <test name="Command line test" duration-ms="149" started-at="2019-09-06T10:49:31Z" finished-at="2019-09-06T10:49:31Z">
      <class name="com.neosoft.testingPractise.tests.Tests">
        <test-method status="PASS" signature="readProperties()[pri:0, instance:com.neosoft.testingPractise.tests.Tests@7a81065e]" name="readProperties" is-config="true" duration-ms="18" started-at="2019-09-06T10:49:31Z" finished-at="2019-09-06T10:49:31Z">
          <reporter-output>
          </reporter-output>
        </test-method> <!-- readProperties -->
        <test-method status="PASS" signature="asd()[pri:0, instance:com.neosoft.testingPractise.tests.Tests@7a81065e]" name="asd" duration-ms="2" started-at="2019-09-06T10:49:31Z" finished-at="2019-09-06T10:49:31Z">
          <reporter-output>
          </reporter-output>
        </test-method> <!-- asd -->
        <test-method status="PASS" signature="testVerifyAllKeysAndValuesFromObject()[pri:0, instance:com.neosoft.testingPractise.tests.Tests@7a81065e]" name="testVerifyAllKeysAndValuesFromObject" duration-ms="122" started-at="2019-09-06T10:49:31Z" finished-at="2019-09-06T10:49:31Z">
          <reporter-output>
          </reporter-output>
        </test-method> <!-- testVerifyAllKeysAndValuesFromObject -->
      </class> <!-- com.neosoft.testingPractise.tests.Tests -->
    </test> <!-- Command line test -->
  </suite> <!-- com.neosoft.testingPractise.tests.Tests -->
</testng-results>
