<?xml version="1.0" encoding="UTF-8"?>
<!-- Generated by org.testng.reporters.JUnitXMLReporter -->
<testsuite hostname="DESKTOP-UM554UI" ignored="4" name="Command line test" tests="2" failures="0" timestamp="06 Sep 2019 10:49:31 GMT" time="0.149" errors="0">
  <testcase name="asd" time="0.002" classname="com.neosoft.testingPractise.tests.Tests"/>
  <testcase name="testVerifyAllKeysAndValuesFromObject" time="0.122" classname="com.neosoft.testingPractise.tests.Tests"/>
  <testcase name="testAllKeysInObjects" time="0.0" classname="com.neosoft.testingPractise.tests.Tests">
    <ignored/>
  </testcase> <!-- testAllKeysInObjects -->
  <testcase name="testReadAndAccessJsonViaJsonPath" time="0.0" classname="com.neosoft.testingPractise.tests.Tests">
    <ignored/>
  </testcase> <!-- testReadAndAccessJsonViaJsonPath -->
  <testcase name="testReadAndAccessJsonObjectsFromFile" time="0.0" classname="com.neosoft.testingPractise.tests.Tests">
    <ignored/>
  </testcase> <!-- testReadAndAccessJsonObjectsFromFile -->
  <testcase name="testUserApi" time="0.0" classname="com.neosoft.testingPractise.tests.Tests">
    <ignored/>
  </testcase> <!-- testUserApi -->
</testsuite> <!-- Command line test -->
